---------------------------------------------------------------
[ 2021-01-20T23:55:05+08:00 ] 127.0.0.1 POST 127.0.0.1:9003/OGmYigZKNJ.php/product/product/index
[运行时间：0.136622s] [吞吐率：7.32req/s] [内存消耗：682.59kb] [文件加载：141]
[ info ] [ BEHAVIOR ] Run Closure @app_init [ RunTime:0.000020s ]
[ info ] [ CACHE ] INIT File
[ info ] [ BEHAVIOR ] Run Closure @app_init [ RunTime:0.000402s ]
[ info ] [ LANG ] /media/luckywujl/data/www/admin/localhost_9003/wwwroot/thinkphp/lang/zh-cn.php
[ info ] [ BEHAVIOR ] Run app\common\behavior\Common @app_dispatch [ RunTime:0.000064s ]
[ info ] [ ROUTE ] array (
  'type' => 'module',
  'module' => 
  array (
    0 => 'admin',
    1 => 'product.product',
    2 => 'index',
  ),
)
[ info ] [ HEADER ] array (
  'cookie' => 'PHPSESSID=bq4anefncsfs3bb77abgbbrlvj; think_var=zh-cn',
  'accept-language' => 'zh-CN,zh;q=0.9',
  'accept-encoding' => 'gzip, deflate, br',
  'content-type' => 'application/x-www-form-urlencoded; charset=UTF-8',
  'user-agent' => 'Mozilla/5.0 (X11; Linux x86_64) AppleWebKit/537.36 (KHTML, like Gecko) Chrome/69.0.3497.128 Safari/537.36 Qaxbrowser',
  'x-requested-with' => 'XMLHttpRequest',
  'origin' => 'http://127.0.0.1:9003',
  'accept' => 'application/json, text/javascript, */*; q=0.01',
  'content-length' => '1156',
  'connection' => 'keep-alive',
  'host' => '127.0.0.1:9003',
)
[ info ] [ PARAM ] array (
  'row' => 
  array (
    'product_name' => '瓦楞纸',
    'product_productweight' => '180克',
    'product_grade' => '一级品',
    'product_quality' => '全新纸',
    'product_specs' => '1200mm',
    'product_unit' => 'kg',
    'product_weight' => '122',
    'product_diameter' => '1200mm',
    'product_broken' => '1',
    'product_mother_code' => '123456',
    'product_storage' => '主仓库',
    'product_product_datetime' => '2021-01-20 23:54:38',
    'product_inbound_datetime' => '2021-01-20 23:54:38',
    'product_group' => '丙班',
    'product_machine' => '一号机组',
    'product_QC' => '张三',
  ),
)
[ info ] [ LANG ] /media/luckywujl/data/www/admin/localhost_9003/wwwroot/public/../application/admin/lang/zh-cn.php
[ info ] [ BEHAVIOR ] Run app\common\behavior\Common @module_init [ RunTime:0.000129s ]
[ info ] [ SESSION ] INIT array (
  'id' => '',
  'var_session_id' => '',
  'prefix' => 'think',
  'type' => '',
  'auto_start' => true,
)
[ info ] [ DB ] INIT mysql
[ info ] [ BEHAVIOR ] Run \addons\geetest\Geetest @config_init [ RunTime:0.000086s ]
[ info ] [ LANG ] /media/luckywujl/data/www/admin/localhost_9003/wwwroot/public/../application/admin/lang/zh-cn/product/product.php
[ info ] [ BEHAVIOR ] Run \addons\geetest\Geetest @action_begin [ RunTime:0.000022s ]
[ info ] [ RUN ] app\admin\controller\product\Product->index[ /media/luckywujl/data/www/admin/localhost_9003/wwwroot/application/admin/controller/product/Product.php ]
[ info ] [ BEHAVIOR ] Run app\admin\behavior\AdminLog @app_end [ RunTime:0.000155s ]
[ info ] [ LOG ] INIT File
---------------------------------------------------------------
[ 2021-01-20T23:55:09+08:00 ] 127.0.0.1 GET 127.0.0.1:9003/OGmYigZKNJ.php/product/product/index?addtabs=1&sort=product_id&order=desc&offset=0&limit=10&filter=%7B%7D&op=%7B%7D&_=1611158079027
[运行时间：0.021363s] [吞吐率：46.81req/s] [内存消耗：706.76kb] [文件加载：142]
[ info ] [ BEHAVIOR ] Run Closure @app_init [ RunTime:0.000066s ]
[ info ] [ CACHE ] INIT File
[ info ] [ BEHAVIOR ] Run Closure @app_init [ RunTime:0.000461s ]
[ info ] [ LANG ] /media/luckywujl/data/www/admin/localhost_9003/wwwroot/thinkphp/lang/zh-cn.php
[ info ] [ BEHAVIOR ] Run app\common\behavior\Common @app_dispatch [ RunTime:0.000063s ]
[ info ] [ ROUTE ] array (
  'type' => 'module',
  'module' => 
  array (
    0 => 'admin',
    1 => 'product.product',
    2 => 'index',
  ),
)
[ info ] [ HEADER ] array (
  'cookie' => 'PHPSESSID=bq4anefncsfs3bb77abgbbrlvj; think_var=zh-cn',
  'accept-language' => 'zh-CN,zh;q=0.9',
  'accept-encoding' => 'gzip, deflate, br',
  'content-type' => 'application/json',
  'user-agent' => 'Mozilla/5.0 (X11; Linux x86_64) AppleWebKit/537.36 (KHTML, like Gecko) Chrome/69.0.3497.128 Safari/537.36 Qaxbrowser',
  'x-requested-with' => 'XMLHttpRequest',
  'accept' => 'application/json, text/javascript, */*; q=0.01',
  'connection' => 'keep-alive',
  'host' => '127.0.0.1:9003',
  'content-length' => '',
)
[ info ] [ PARAM ] array (
  'addtabs' => '1',
  'sort' => 'product_id',
  'order' => 'desc',
  'offset' => '0',
  'limit' => '10',
  'filter' => '{}',
  'op' => '{}',
  '_' => '1611158079027',
)
[ info ] [ LANG ] /media/luckywujl/data/www/admin/localhost_9003/wwwroot/public/../application/admin/lang/zh-cn.php
[ info ] [ BEHAVIOR ] Run app\common\behavior\Common @module_init [ RunTime:0.000139s ]
[ info ] [ SESSION ] INIT array (
  'id' => '',
  'var_session_id' => '',
  'prefix' => 'think',
  'type' => '',
  'auto_start' => true,
)
[ info ] [ DB ] INIT mysql
[ info ] [ BEHAVIOR ] Run \addons\geetest\Geetest @config_init [ RunTime:0.000081s ]
[ info ] [ LANG ] /media/luckywujl/data/www/admin/localhost_9003/wwwroot/public/../application/admin/lang/zh-cn/product/product.php
[ info ] [ BEHAVIOR ] Run \addons\geetest\Geetest @action_begin [ RunTime:0.000022s ]
[ info ] [ RUN ] app\admin\controller\product\Product->index[ /media/luckywujl/data/www/admin/localhost_9003/wwwroot/application/admin/controller/product/Product.php ]
[ info ] [ BEHAVIOR ] Run app\admin\behavior\AdminLog @app_end [ RunTime:0.000059s ]
[ info ] [ LOG ] INIT File
---------------------------------------------------------------
[ 2021-01-20T23:55:12+08:00 ] 127.0.0.1 GET 127.0.0.1:9003/OGmYigZKNJ.php/product/product/edit/ids/2?dialog=1
[运行时间：0.021836s] [吞吐率：45.80req/s] [内存消耗：691.97kb] [文件加载：139]
[ info ] [ BEHAVIOR ] Run Closure @app_init [ RunTime:0.000021s ]
[ info ] [ CACHE ] INIT File
[ info ] [ BEHAVIOR ] Run Closure @app_init [ RunTime:0.000452s ]
[ info ] [ LANG ] /media/luckywujl/data/www/admin/localhost_9003/wwwroot/thinkphp/lang/zh-cn.php
[ info ] [ BEHAVIOR ] Run app\common\behavior\Common @app_dispatch [ RunTime:0.000069s ]
[ info ] [ ROUTE ] array (
  'type' => 'module',
  'module' => 
  array (
    0 => 'admin',
    1 => 'product.product',
    2 => 'edit',
  ),
)
[ info ] [ HEADER ] array (
  'cookie' => 'PHPSESSID=bq4anefncsfs3bb77abgbbrlvj; think_var=zh-cn',
  'accept-language' => 'zh-CN,zh;q=0.9',
  'accept-encoding' => 'gzip, deflate, br',
  'accept' => 'text/html,application/xhtml+xml,application/xml;q=0.9,image/webp,image/apng,*/*;q=0.8',
  'user-agent' => 'Mozilla/5.0 (X11; Linux x86_64) AppleWebKit/537.36 (KHTML, like Gecko) Chrome/69.0.3497.128 Safari/537.36 Qaxbrowser',
  'upgrade-insecure-requests' => '1',
  'connection' => 'keep-alive',
  'host' => '127.0.0.1:9003',
  'content-length' => '',
  'content-type' => '',
)
[ info ] [ PARAM ] array (
  'dialog' => '1',
  'ids' => '2',
)
[ info ] [ LANG ] /media/luckywujl/data/www/admin/localhost_9003/wwwroot/public/../application/admin/lang/zh-cn.php
[ info ] [ BEHAVIOR ] Run app\common\behavior\Common @module_init [ RunTime:0.000111s ]
[ info ] [ SESSION ] INIT array (
  'id' => '',
  'var_session_id' => '',
  'prefix' => 'think',
  'type' => '',
  'auto_start' => true,
)
[ info ] [ DB ] INIT mysql
[ info ] [ BEHAVIOR ] Run \addons\geetest\Geetest @config_init [ RunTime:0.000082s ]
[ info ] [ LANG ] /media/luckywujl/data/www/admin/localhost_9003/wwwroot/public/../application/admin/lang/zh-cn/product/product.php
[ info ] [ BEHAVIOR ] Run \addons\geetest\Geetest @action_begin [ RunTime:0.000022s ]
[ info ] [ RUN ] app\common\controller\Backend->edit[ /media/luckywujl/data/www/admin/localhost_9003/wwwroot/application/admin/library/traits/Backend.php ]
[ info ] [ VIEW ] /media/luckywujl/data/www/admin/localhost_9003/wwwroot/public/../application/admin/view/product/product/edit.html [ array (
  0 => 'breadcrumb',
  1 => 'site',
  2 => 'config',
  3 => 'auth',
  4 => 'admin',
  5 => 'productStatusList',
  6 => 'row',
) ]
[ info ] [ BEHAVIOR ] Run app\admin\behavior\AdminLog @app_end [ RunTime:0.000061s ]
[ info ] [ LOG ] INIT File
---------------------------------------------------------------
[ 2021-01-20T23:55:12+08:00 ] 127.0.0.1 GET 127.0.0.1:9003/OGmYigZKNJ.php/ajax/lang?callback=define&controllername=product.product&lang=zh-cn&v=1611158112&v=1611158112
[运行时间：0.004044s] [吞吐率：247.28req/s] [内存消耗：407.06kb] [文件加载：133]
[ info ] [ BEHAVIOR ] Run Closure @app_init [ RunTime:0.000024s ]
[ info ] [ CACHE ] INIT File
[ info ] [ BEHAVIOR ] Run Closure @app_init [ RunTime:0.000523s ]
[ info ] [ LANG ] /media/luckywujl/data/www/admin/localhost_9003/wwwroot/thinkphp/lang/zh-cn.php
[ info ] [ BEHAVIOR ] Run app\common\behavior\Common @app_dispatch [ RunTime:0.000055s ]
[ info ] [ ROUTE ] array (
  'type' => 'module',
  'module' => 
  array (
    0 => 'admin',
    1 => 'ajax',
    2 => 'lang',
  ),
)
[ info ] [ HEADER ] array (
  'cookie' => 'PHPSESSID=bq4anefncsfs3bb77abgbbrlvj; think_var=zh-cn',
  'accept-language' => 'zh-CN,zh;q=0.9',
  'accept-encoding' => 'gzip, deflate, br',
  'accept' => '*/*',
  'user-agent' => 'Mozilla/5.0 (X11; Linux x86_64) AppleWebKit/537.36 (KHTML, like Gecko) Chrome/69.0.3497.128 Safari/537.36 Qaxbrowser',
  'connection' => 'keep-alive',
  'host' => '127.0.0.1:9003',
  'content-length' => '',
  'content-type' => '',
)
[ info ] [ PARAM ] array (
  'callback' => 'define',
  'controllername' => 'product.product',
  'lang' => 'zh-cn',
  'v' => '1611158112',
)
[ info ] [ LANG ] /media/luckywujl/data/www/admin/localhost_9003/wwwroot/public/../application/admin/lang/zh-cn.php
[ info ] [ BEHAVIOR ] Run app\common\behavior\Common @module_init [ RunTime:0.000187s ]
[ info ] [ SESSION ] INIT array (
  'id' => '',
  'var_session_id' => '',
  'prefix' => 'think',
  'type' => '',
  'auto_start' => true,
)
[ info ] [ BEHAVIOR ] Run \addons\geetest\Geetest @config_init [ RunTime:0.000092s ]
[ info ] [ LANG ] /media/luckywujl/data/www/admin/localhost_9003/wwwroot/public/../application/admin/lang/zh-cn/ajax.php
[ info ] [ BEHAVIOR ] Run \addons\geetest\Geetest @action_begin [ RunTime:0.000024s ]
[ info ] [ RUN ] app\admin\controller\Ajax->lang[ /media/luckywujl/data/www/admin/localhost_9003/wwwroot/application/admin/controller/Ajax.php ]
[ info ] [ LANG ] /media/luckywujl/data/www/admin/localhost_9003/wwwroot/public/../application/admin/lang/zh-cn/product/product.php
[ info ] [ BEHAVIOR ] Run app\admin\behavior\AdminLog @app_end [ RunTime:0.000021s ]
[ info ] [ LOG ] INIT File
---------------------------------------------------------------
[ 2021-01-20T23:55:12+08:00 ] 127.0.0.1 POST 127.0.0.1:9003/OGmYigZKNJ.php/company/index
[运行时间：0.003397s] [吞吐率：294.36req/s] [内存消耗：272.07kb] [文件加载：118]
[ info ] [ BEHAVIOR ] Run Closure @app_init [ RunTime:0.000021s ]
[ info ] [ CACHE ] INIT File
[ info ] [ BEHAVIOR ] Run Closure @app_init [ RunTime:0.000351s ]
[ info ] [ LANG ] /media/luckywujl/data/www/admin/localhost_9003/wwwroot/thinkphp/lang/zh-cn.php
[ info ] [ BEHAVIOR ] Run app\common\behavior\Common @app_dispatch [ RunTime:0.000046s ]
[ info ] [ ROUTE ] array (
  'type' => 'module',
  'module' => 
  array (
    0 => 'admin',
    1 => 'company',
    2 => 'index',
  ),
)
[ info ] [ HEADER ] array (
  'cookie' => 'PHPSESSID=bq4anefncsfs3bb77abgbbrlvj; think_var=zh-cn',
  'accept-language' => 'zh-CN,zh;q=0.9',
  'accept-encoding' => 'gzip, deflate, br',
  'content-type' => 'application/x-www-form-urlencoded; charset=UTF-8',
  'user-agent' => 'Mozilla/5.0 (X11; Linux x86_64) AppleWebKit/537.36 (KHTML, like Gecko) Chrome/69.0.3497.128 Safari/537.36 Qaxbrowser',
  'x-requested-with' => 'XMLHttpRequest',
  'origin' => 'http://127.0.0.1:9003',
  'accept' => 'application/json, text/javascript, */*; q=0.01',
  'content-length' => '154',
  'connection' => 'keep-alive',
  'host' => '127.0.0.1:9003',
)
[ info ] [ PARAM ] array (
  'searchTable' => 'tbl',
  'searchKey' => 'id',
  'searchValue' => '2',
  'orderBy' => 
  array (
    0 => 
    array (
      0 => 'name',
      1 => 'ASC',
    ),
  ),
  'showField' => 'name',
  'keyField' => 'id',
  'keyValue' => '2',
  'searchField' => 
  array (
    0 => 'name',
  ),
)
[ info ] [ LANG ] /media/luckywujl/data/www/admin/localhost_9003/wwwroot/public/../application/admin/lang/zh-cn.php
[ info ] [ BEHAVIOR ] Run app\common\behavior\Common @module_init [ RunTime:0.000104s ]
[ info ] [ LOG ] INIT File
